TEST_STATUS: FAILURE
DIFF_STATUS: SUCCESS
RETURNCODE: 3
TIMESTAMP: 2026-02-08T21:45:22.343381

=== PYTEST STDOUT ===
============================= test session starts =============================
platform win32 -- Python 3.14.2, pytest-9.0.2, pluggy-0.1.dev945+g0cf9e32a7.d20260207
benchmark: 5.2.3 (defaults: timer=time.perf_counter disable_gc=False min_rounds=5 min_time=0.000005 max_time=1.0 calibration_precision=10 warmup=False warmup_iterations=100000)
rootdir: C:\Users\ronal\colorama_testing
configfile: pyproject.toml
plugins: anyio-4.12.1, hypothesis-6.148.8, benchmark-5.2.3, cov-7.0.0
collected 66 items

colorama\tests\ansi_test.py ...                                          [  4%]
colorama\tests\ansitowin32_test.py ......FFFF
INTERNALERROR> Traceback (most recent call last):
INTERNALERROR>   File "C:\Users\ronal\AppData\Local\Programs\Python\Python314\Lib\site-packages\_pytest\main.py", line 318, in wrap_session
INTERNALERROR>     session.exitstatus = doit(config, session) or 0
INTERNALERROR>                          ~~~~^^^^^^^^^^^^^^^^^
INTERNALERROR>   File "C:\Users\ronal\AppData\Local\Programs\Python\Python314\Lib\site-packages\_pytest\main.py", line 372, in _main
INTERNALERROR>     config.hook.pytest_runtestloop(session=session)
INTERNALERROR>     ~~~~~~~~~~~~~~~~~~~~~~~~~~~~~~^^^^^^^^^^^^^^^^^
INTERNALERROR>   File "C:\Users\ronal\pluggy_testing\src\pluggy\_hooks.py", line 378, in __call__
INTERNALERROR>     return self._hookexec(self.name, self._hookimpls.copy(), kwargs, firstresult)
INTERNALERROR>            ~~~~~~~~~~~~~~^^^^^^^^^^^^^^^^^^^^^^^^^^^^^^^^^^^^^^^^^^^^^^^^^^^^^^^^
INTERNALERROR>   File "C:\Users\ronal\pluggy_testing\src\pluggy\_manager.py", line 85, in _hookexec
INTERNALERROR>     return self._inner_hookexec(hook_name, methods, kwargs, firstresult)
INTERNALERROR>            ~~~~~~~~~~~~~~~~~~~~^^^^^^^^^^^^^^^^^^^^^^^^^^^^^^^^^^^^^^^^^
INTERNALERROR>   File "C:\Users\ronal\pluggy_testing\src\pluggy\_callers.py", line 151, in _multicall
INTERNALERROR>     raise exception
INTERNALERROR>   File "C:\Users\ronal\pluggy_testing\src\pluggy\_callers.py", line 128, in _multicall
INTERNALERROR>     teardown.throw(exception)
INTERNALERROR>     ~~~~~~~~~~~~~~^^^^^^^^^^^
INTERNALERROR>   File "C:\Users\ronal\AppData\Local\Programs\Python\Python314\Lib\site-packages\_pytest\logging.py", line 801, in pytest_runtestloop
INTERNALERROR>     return (yield)  # Run all the tests.
INTERNALERROR>             ^^^^^
INTERNALERROR>   File "C:\Users\ronal\pluggy_testing\src\pluggy\_callers.py", line 128, in _multicall
INTERNALERROR>     teardown.throw(exception)
INTERNALERROR>     ~~~~~~~~~~~~~~^^^^^^^^^^^
INTERNALERROR>   File "C:\Users\ronal\AppData\Local\Programs\Python\Python314\Lib\site-packages\_pytest\terminal.py", line 707, in pytest_runtestloop
INTERNALERROR>     result = yield
INTERNALERROR>              ^^^^^
INTERNALERROR>   File "C:\Users\ronal\pluggy_testing\src\pluggy\_callers.py", line 128, in _multicall
INTERNALERROR>     teardown.throw(exception)
INTERNALERROR>     ~~~~~~~~~~~~~~^^^^^^^^^^^
INTERNALERROR>   File "C:\Users\ronal\AppData\Local\Programs\Python\Python314\Lib\site-packages\pytest_cov\plugin.py", line 345, in pytest_runtestloop
INTERNALERROR>     result = yield
INTERNALERROR>              ^^^^^
INTERNALERROR>   File "C:\Users\ronal\pluggy_testing\src\pluggy\_callers.py", line 111, in _multicall
INTERNALERROR>     res = hook_impl.function(*args)
INTERNALERROR>   File "C:\Users\ronal\AppData\Local\Programs\Python\Python314\Lib\site-packages\_pytest\main.py", line 396, in pytest_runtestloop
INTERNALERROR>     item.config.hook.pytest_runtest_protocol(item=item, nextitem=nextitem)
INTERNALERROR>     ~~~~~~~~~~~~~~~~~~~~~~~~~~~~~~~~~~~~~~~~^^^^^^^^^^^^^^^^^^^^^^^^^^^^^^
INTERNALERROR>   File "C:\Users\ronal\pluggy_testing\src\pluggy\_hooks.py", line 378, in __call__
INTERNALERROR>     return self._hookexec(self.name, self._hookimpls.copy(), kwargs, firstresult)
INTERNALERROR>            ~~~~~~~~~~~~~~^^^^^^^^^^^^^^^^^^^^^^^^^^^^^^^^^^^^^^^^^^^^^^^^^^^^^^^^
INTERNALERROR>   File "C:\Users\ronal\pluggy_testing\src\pluggy\_manager.py", line 85, in _hookexec
INTERNALERROR>     return self._inner_hookexec(hook_name, methods, kwargs, firstresult)
INTERNALERROR>            ~~~~~~~~~~~~~~~~~~~~^^^^^^^^^^^^^^^^^^^^^^^^^^^^^^^^^^^^^^^^^
INTERNALERROR>   File "C:\Users\ronal\pluggy_testing\src\pluggy\_callers.py", line 151, in _multicall
INTERNALERROR>     raise exception
INTERNALERROR>   File "C:\Users\ronal\pluggy_testing\src\pluggy\_callers.py", line 128, in _multicall
INTERNALERROR>     teardown.throw(exception)
INTERNALERROR>     ~~~~~~~~~~~~~~^^^^^^^^^^^
INTERNALERROR>   File "C:\Users\ronal\AppData\Local\Programs\Python\Python314\Lib\site-packages\_pytest\warnings.py", line 89, in pytest_runtest_protocol
INTERNALERROR>     return (yield)
INTERNALERROR>             ^^^^^
INTERNALERROR>   File "C:\Users\ronal\pluggy_testing\src\pluggy\_callers.py", line 128, in _multicall
INTERNALERROR>     teardown.throw(exception)
INTERNALERROR>     ~~~~~~~~~~~~~~^^^^^^^^^^^
INTERNALERROR>   File "C:\Users\ronal\AppData\Local\Programs\Python\Python314\Lib\site-packages\_pytest\assertion\__init__.py", line 192, in pytest_runtest_protocol
INTERNALERROR>     return (yield)
INTERNALERROR>             ^^^^^
INTERNALERROR>   File "C:\Users\ronal\pluggy_testing\src\pluggy\_callers.py", line 128, in _multicall
INTERNALERROR>     teardown.throw(exception)
INTERNALERROR>     ~~~~~~~~~~~~~~^^^^^^^^^^^
INTERNALERROR>   File "C:\Users\ronal\AppData\Local\Programs\Python\Python314\Lib\site-packages\_pytest\unittest.py", line 587, in pytest_runtest_protocol
INTERNALERROR>     return (yield)
INTERNALERROR>             ^^^^^
INTERNALERROR>   File "C:\Users\ronal\pluggy_testing\src\pluggy\_callers.py", line 128, in _multicall
INTERNALERROR>     teardown.throw(exception)
INTERNALERROR>     ~~~~~~~~~~~~~~^^^^^^^^^^^
INTERNALERROR>   File "C:\Users\ronal\AppData\Local\Programs\Python\Python314\Lib\site-packages\_pytest\faulthandler.py", line 102, in pytest_runtest_protocol
INTERNALERROR>     return (yield)
INTERNALERROR>             ^^^^^
INTERNALERROR>   File "C:\Users\ronal\pluggy_testing\src\pluggy\_callers.py", line 111, in _multicall
INTERNALERROR>     res = hook_impl.function(*args)
INTERNALERROR>   File "C:\Users\ronal\AppData\Local\Programs\Python\Python314\Lib\site-packages\_pytest\runner.py", line 117, in pytest_runtest_protocol
INTERNALERROR>     ihook.pytest_runtest_logstart(nodeid=item.nodeid, location=item.location)
INTERNALERROR>                                                                ^^^^^^^^^^^^^
INTERNALERROR>   File "C:\Users\ronal\AppData\Local\Programs\Python\Python314\Lib\functools.py", line 1126, in __get__
INTERNALERROR>     val = self.func(instance)
INTERNALERROR>   File "C:\Users\ronal\AppData\Local\Programs\Python\Python314\Lib\site-packages\_pytest\nodes.py", line 770, in location
INTERNALERROR>     relfspath = self.session._node_location_to_relpath(path)
INTERNALERROR>   File "C:\Users\ronal\AppData\Local\Programs\Python\Python314\Lib\site-packages\_pytest\main.py", line 676, in _node_location_to_relpath
INTERNALERROR>     return self._bestrelpathcache[node_path]
INTERNALERROR>            ~~~~~~~~~~~~~~~~~~~~~~^^^^^^^^^^^
INTERNALERROR>   File "C:\Users\ronal\AppData\Local\Programs\Python\Python314\Lib\site-packages\_pytest\main.py", line 519, in __missing__
INTERNALERROR>     r = bestrelpath(self.path, path)
INTERNALERROR>   File "C:\Users\ronal\AppData\Local\Programs\Python\Python314\Lib\site-packages\_pytest\pathlib.py", line 1038, in bestrelpath
INTERNALERROR>     reldirectory = directory.relative_to(base)
INTERNALERROR>   File "C:\Users\ronal\AppData\Local\Programs\Python\Python314\Lib\pathlib\__init__.py", line 490, in relative_to
INTERNALERROR>     raise ValueError(f"{str(self)!r} is not in the subpath of {str(other)!r}")
INTERNALERROR> ValueError: 'C:\\Users\\ronal\\colorama_testing' is not in the subpath of 'C:\\Users\\ronal\\colorama_testing'

========================= 4 failed, 9 passed in 0.60s =========================


=== PYTEST STDERR ===

